{"level":"info","message":"Server running on port 3001","service":"fintech-backend","timestamp":"2025-10-05T17:34:12.333Z"}
{"level":"info","message":"Database connected","service":"fintech-backend","timestamp":"2025-10-05T17:34:12.339Z"}
{"level":"info","message":"Server running on port 3001","service":"fintech-backend","timestamp":"2025-10-05T17:42:54.869Z"}
{"level":"info","message":"Database connected","service":"fintech-backend","timestamp":"2025-10-05T17:42:54.875Z"}
{"level":"info","message":"Server running on port 3001","service":"fintech-backend","timestamp":"2025-10-05T17:47:14.371Z"}
{"level":"info","message":"Database connected","service":"fintech-backend","timestamp":"2025-10-05T17:47:14.377Z"}
{"level":"error","message":"Error: misconfigured csrf\n    at csrf (D:\\BMUDHT\\backend\\node_modules\\csurf\\index.js:71:19)\n    at Layer.handle [as handle_request] (D:\\BMUDHT\\backend\\node_modules\\express\\lib\\router\\layer.js:95:5)\n    at trim_prefix (D:\\BMUDHT\\backend\\node_modules\\express\\lib\\router\\index.js:328:13)\n    at D:\\BMUDHT\\backend\\node_modules\\express\\lib\\router\\index.js:286:9\n    at Function.process_params (D:\\BMUDHT\\backend\\node_modules\\express\\lib\\router\\index.js:346:12)\n    at next (D:\\BMUDHT\\backend\\node_modules\\express\\lib\\router\\index.js:280:10)\n    at D:\\BMUDHT\\backend\\node_modules\\express-rate-limit\\dist\\index.cjs:807:7\n    at process.processTicksAndRejections (node:internal/process/task_queues:105:5)\n    at async D:\\BMUDHT\\backend\\node_modules\\express-rate-limit\\dist\\index.cjs:691:5","service":"fintech-backend","timestamp":"2025-10-05T17:50:04.620Z"}
{"level":"error","message":"Error: misconfigured csrf\n    at csrf (D:\\BMUDHT\\backend\\node_modules\\csurf\\index.js:71:19)\n    at Layer.handle [as handle_request] (D:\\BMUDHT\\backend\\node_modules\\express\\lib\\router\\layer.js:95:5)\n    at trim_prefix (D:\\BMUDHT\\backend\\node_modules\\express\\lib\\router\\index.js:328:13)\n    at D:\\BMUDHT\\backend\\node_modules\\express\\lib\\router\\index.js:286:9\n    at Function.process_params (D:\\BMUDHT\\backend\\node_modules\\express\\lib\\router\\index.js:346:12)\n    at next (D:\\BMUDHT\\backend\\node_modules\\express\\lib\\router\\index.js:280:10)\n    at D:\\BMUDHT\\backend\\node_modules\\express-rate-limit\\dist\\index.cjs:807:7\n    at process.processTicksAndRejections (node:internal/process/task_queues:105:5)\n    at async D:\\BMUDHT\\backend\\node_modules\\express-rate-limit\\dist\\index.cjs:691:5","service":"fintech-backend","timestamp":"2025-10-05T17:50:04.930Z"}
{"level":"error","message":"Error: misconfigured csrf\n    at csrf (D:\\BMUDHT\\backend\\node_modules\\csurf\\index.js:71:19)\n    at Layer.handle [as handle_request] (D:\\BMUDHT\\backend\\node_modules\\express\\lib\\router\\layer.js:95:5)\n    at trim_prefix (D:\\BMUDHT\\backend\\node_modules\\express\\lib\\router\\index.js:328:13)\n    at D:\\BMUDHT\\backend\\node_modules\\express\\lib\\router\\index.js:286:9\n    at Function.process_params (D:\\BMUDHT\\backend\\node_modules\\express\\lib\\router\\index.js:346:12)\n    at next (D:\\BMUDHT\\backend\\node_modules\\express\\lib\\router\\index.js:280:10)\n    at D:\\BMUDHT\\backend\\node_modules\\express-rate-limit\\dist\\index.cjs:807:7\n    at process.processTicksAndRejections (node:internal/process/task_queues:105:5)\n    at async D:\\BMUDHT\\backend\\node_modules\\express-rate-limit\\dist\\index.cjs:691:5","service":"fintech-backend","timestamp":"2025-10-05T17:50:17.124Z"}
{"level":"error","message":"Error: misconfigured csrf\n    at csrf (D:\\BMUDHT\\backend\\node_modules\\csurf\\index.js:71:19)\n    at Layer.handle [as handle_request] (D:\\BMUDHT\\backend\\node_modules\\express\\lib\\router\\layer.js:95:5)\n    at trim_prefix (D:\\BMUDHT\\backend\\node_modules\\express\\lib\\router\\index.js:328:13)\n    at D:\\BMUDHT\\backend\\node_modules\\express\\lib\\router\\index.js:286:9\n    at Function.process_params (D:\\BMUDHT\\backend\\node_modules\\express\\lib\\router\\index.js:346:12)\n    at next (D:\\BMUDHT\\backend\\node_modules\\express\\lib\\router\\index.js:280:10)\n    at D:\\BMUDHT\\backend\\node_modules\\express-rate-limit\\dist\\index.cjs:807:7\n    at process.processTicksAndRejections (node:internal/process/task_queues:105:5)\n    at async D:\\BMUDHT\\backend\\node_modules\\express-rate-limit\\dist\\index.cjs:691:5","service":"fintech-backend","timestamp":"2025-10-05T17:50:21.902Z"}
{"level":"info","message":"Server running on port 3001","service":"fintech-backend","timestamp":"2025-10-05T18:10:54.942Z"}
{"level":"info","message":"Database connected","service":"fintech-backend","timestamp":"2025-10-05T18:10:54.948Z"}
{"level":"info","message":"Server running on port 3001","service":"fintech-backend","timestamp":"2025-10-05T18:16:55.868Z"}
{"level":"info","message":"Database connected","service":"fintech-backend","timestamp":"2025-10-05T18:16:55.874Z"}
{"level":"info","message":"Server running on port 3001","service":"fintech-backend","timestamp":"2025-10-05T18:25:19.329Z"}
{"level":"info","message":"Database connected","service":"fintech-backend","timestamp":"2025-10-05T18:25:19.335Z"}
{"level":"info","message":"Server running on port 3001","service":"fintech-backend","timestamp":"2025-10-05T18:29:11.122Z"}
{"level":"info","message":"Database connected","service":"fintech-backend","timestamp":"2025-10-05T18:29:11.128Z"}
{"level":"info","message":"Server running on port 3001","service":"fintech-backend","timestamp":"2025-10-05T18:32:28.714Z"}
{"level":"info","message":"Database connected","service":"fintech-backend","timestamp":"2025-10-05T18:32:28.719Z"}
{"level":"info","message":"Server running on port 3001","service":"fintech-backend","timestamp":"2025-10-05T18:42:42.548Z"}
{"level":"info","message":"Database connected","service":"fintech-backend","timestamp":"2025-10-05T18:42:42.554Z"}
{"level":"info","message":"Server running on port 3001","service":"fintech-backend","timestamp":"2025-10-15T16:00:39.822Z"}
{"level":"info","message":"Database connected","service":"fintech-backend","timestamp":"2025-10-15T16:00:39.829Z"}
{"level":"info","message":"Server running on port 3001","service":"fintech-backend","timestamp":"2025-10-15T16:08:48.958Z"}
{"level":"info","message":"Database connected","service":"fintech-backend","timestamp":"2025-10-15T16:08:48.964Z"}
{"level":"info","message":"Server running on port 3001","service":"fintech-backend","timestamp":"2025-10-15T16:09:49.417Z"}
{"level":"info","message":"Database connected","service":"fintech-backend","timestamp":"2025-10-15T16:09:49.424Z"}
{"level":"error","message":"Error: misconfigured csrf\n    at csrf (D:\\BMUDHT\\backend\\node_modules\\csurf\\index.js:71:19)\n    at Layer.handle [as handle_request] (D:\\BMUDHT\\backend\\node_modules\\express\\lib\\router\\layer.js:95:5)\n    at trim_prefix (D:\\BMUDHT\\backend\\node_modules\\express\\lib\\router\\index.js:328:13)\n    at D:\\BMUDHT\\backend\\node_modules\\express\\lib\\router\\index.js:286:9\n    at Function.process_params (D:\\BMUDHT\\backend\\node_modules\\express\\lib\\router\\index.js:346:12)\n    at next (D:\\BMUDHT\\backend\\node_modules\\express\\lib\\router\\index.js:280:10)\n    at urlencodedParser (D:\\BMUDHT\\backend\\node_modules\\body-parser\\lib\\types\\urlencoded.js:94:7)\n    at Layer.handle [as handle_request] (D:\\BMUDHT\\backend\\node_modules\\express\\lib\\router\\layer.js:95:5)\n    at trim_prefix (D:\\BMUDHT\\backend\\node_modules\\express\\lib\\router\\index.js:328:13)\n    at D:\\BMUDHT\\backend\\node_modules\\express\\lib\\router\\index.js:286:9","service":"fintech-backend","timestamp":"2025-10-15T16:11:30.934Z"}
{"level":"error","message":"Error: misconfigured csrf\n    at csrf (D:\\BMUDHT\\backend\\node_modules\\csurf\\index.js:71:19)\n    at Layer.handle [as handle_request] (D:\\BMUDHT\\backend\\node_modules\\express\\lib\\router\\layer.js:95:5)\n    at trim_prefix (D:\\BMUDHT\\backend\\node_modules\\express\\lib\\router\\index.js:328:13)\n    at D:\\BMUDHT\\backend\\node_modules\\express\\lib\\router\\index.js:286:9\n    at Function.process_params (D:\\BMUDHT\\backend\\node_modules\\express\\lib\\router\\index.js:346:12)\n    at next (D:\\BMUDHT\\backend\\node_modules\\express\\lib\\router\\index.js:280:10)\n    at urlencodedParser (D:\\BMUDHT\\backend\\node_modules\\body-parser\\lib\\types\\urlencoded.js:94:7)\n    at Layer.handle [as handle_request] (D:\\BMUDHT\\backend\\node_modules\\express\\lib\\router\\layer.js:95:5)\n    at trim_prefix (D:\\BMUDHT\\backend\\node_modules\\express\\lib\\router\\index.js:328:13)\n    at D:\\BMUDHT\\backend\\node_modules\\express\\lib\\router\\index.js:286:9","service":"fintech-backend","timestamp":"2025-10-15T16:11:31.002Z"}
{"level":"error","message":"Error: misconfigured csrf\n    at csrf (D:\\BMUDHT\\backend\\node_modules\\csurf\\index.js:71:19)\n    at Layer.handle [as handle_request] (D:\\BMUDHT\\backend\\node_modules\\express\\lib\\router\\layer.js:95:5)\n    at trim_prefix (D:\\BMUDHT\\backend\\node_modules\\express\\lib\\router\\index.js:328:13)\n    at D:\\BMUDHT\\backend\\node_modules\\express\\lib\\router\\index.js:286:9\n    at Function.process_params (D:\\BMUDHT\\backend\\node_modules\\express\\lib\\router\\index.js:346:12)\n    at next (D:\\BMUDHT\\backend\\node_modules\\express\\lib\\router\\index.js:280:10)\n    at urlencodedParser (D:\\BMUDHT\\backend\\node_modules\\body-parser\\lib\\types\\urlencoded.js:94:7)\n    at Layer.handle [as handle_request] (D:\\BMUDHT\\backend\\node_modules\\express\\lib\\router\\layer.js:95:5)\n    at trim_prefix (D:\\BMUDHT\\backend\\node_modules\\express\\lib\\router\\index.js:328:13)\n    at D:\\BMUDHT\\backend\\node_modules\\express\\lib\\router\\index.js:286:9","service":"fintech-backend","timestamp":"2025-10-15T16:18:22.723Z"}
{"level":"error","message":"Error: misconfigured csrf\n    at csrf (D:\\BMUDHT\\backend\\node_modules\\csurf\\index.js:71:19)\n    at Layer.handle [as handle_request] (D:\\BMUDHT\\backend\\node_modules\\express\\lib\\router\\layer.js:95:5)\n    at trim_prefix (D:\\BMUDHT\\backend\\node_modules\\express\\lib\\router\\index.js:328:13)\n    at D:\\BMUDHT\\backend\\node_modules\\express\\lib\\router\\index.js:286:9\n    at Function.process_params (D:\\BMUDHT\\backend\\node_modules\\express\\lib\\router\\index.js:346:12)\n    at next (D:\\BMUDHT\\backend\\node_modules\\express\\lib\\router\\index.js:280:10)\n    at urlencodedParser (D:\\BMUDHT\\backend\\node_modules\\body-parser\\lib\\types\\urlencoded.js:94:7)\n    at Layer.handle [as handle_request] (D:\\BMUDHT\\backend\\node_modules\\express\\lib\\router\\layer.js:95:5)\n    at trim_prefix (D:\\BMUDHT\\backend\\node_modules\\express\\lib\\router\\index.js:328:13)\n    at D:\\BMUDHT\\backend\\node_modules\\express\\lib\\router\\index.js:286:9","service":"fintech-backend","timestamp":"2025-10-15T16:18:22.729Z"}
{"level":"error","message":"Error: misconfigured csrf\n    at csrf (D:\\BMUDHT\\backend\\node_modules\\csurf\\index.js:71:19)\n    at Layer.handle [as handle_request] (D:\\BMUDHT\\backend\\node_modules\\express\\lib\\router\\layer.js:95:5)\n    at trim_prefix (D:\\BMUDHT\\backend\\node_modules\\express\\lib\\router\\index.js:328:13)\n    at D:\\BMUDHT\\backend\\node_modules\\express\\lib\\router\\index.js:286:9\n    at Function.process_params (D:\\BMUDHT\\backend\\node_modules\\express\\lib\\router\\index.js:346:12)\n    at next (D:\\BMUDHT\\backend\\node_modules\\express\\lib\\router\\index.js:280:10)\n    at urlencodedParser (D:\\BMUDHT\\backend\\node_modules\\body-parser\\lib\\types\\urlencoded.js:94:7)\n    at Layer.handle [as handle_request] (D:\\BMUDHT\\backend\\node_modules\\express\\lib\\router\\layer.js:95:5)\n    at trim_prefix (D:\\BMUDHT\\backend\\node_modules\\express\\lib\\router\\index.js:328:13)\n    at D:\\BMUDHT\\backend\\node_modules\\express\\lib\\router\\index.js:286:9","service":"fintech-backend","timestamp":"2025-10-15T16:32:10.805Z"}
{"level":"error","message":"Error: misconfigured csrf\n    at csrf (D:\\BMUDHT\\backend\\node_modules\\csurf\\index.js:71:19)\n    at Layer.handle [as handle_request] (D:\\BMUDHT\\backend\\node_modules\\express\\lib\\router\\layer.js:95:5)\n    at trim_prefix (D:\\BMUDHT\\backend\\node_modules\\express\\lib\\router\\index.js:328:13)\n    at D:\\BMUDHT\\backend\\node_modules\\express\\lib\\router\\index.js:286:9\n    at Function.process_params (D:\\BMUDHT\\backend\\node_modules\\express\\lib\\router\\index.js:346:12)\n    at next (D:\\BMUDHT\\backend\\node_modules\\express\\lib\\router\\index.js:280:10)\n    at urlencodedParser (D:\\BMUDHT\\backend\\node_modules\\body-parser\\lib\\types\\urlencoded.js:94:7)\n    at Layer.handle [as handle_request] (D:\\BMUDHT\\backend\\node_modules\\express\\lib\\router\\layer.js:95:5)\n    at trim_prefix (D:\\BMUDHT\\backend\\node_modules\\express\\lib\\router\\index.js:328:13)\n    at D:\\BMUDHT\\backend\\node_modules\\express\\lib\\router\\index.js:286:9","service":"fintech-backend","timestamp":"2025-10-15T16:32:10.809Z"}
{"level":"error","message":"Error: misconfigured csrf\n    at csrf (D:\\BMUDHT\\backend\\node_modules\\csurf\\index.js:71:19)\n    at Layer.handle [as handle_request] (D:\\BMUDHT\\backend\\node_modules\\express\\lib\\router\\layer.js:95:5)\n    at trim_prefix (D:\\BMUDHT\\backend\\node_modules\\express\\lib\\router\\index.js:328:13)\n    at D:\\BMUDHT\\backend\\node_modules\\express\\lib\\router\\index.js:286:9\n    at Function.process_params (D:\\BMUDHT\\backend\\node_modules\\express\\lib\\router\\index.js:346:12)\n    at next (D:\\BMUDHT\\backend\\node_modules\\express\\lib\\router\\index.js:280:10)\n    at urlencodedParser (D:\\BMUDHT\\backend\\node_modules\\body-parser\\lib\\types\\urlencoded.js:94:7)\n    at Layer.handle [as handle_request] (D:\\BMUDHT\\backend\\node_modules\\express\\lib\\router\\layer.js:95:5)\n    at trim_prefix (D:\\BMUDHT\\backend\\node_modules\\express\\lib\\router\\index.js:328:13)\n    at D:\\BMUDHT\\backend\\node_modules\\express\\lib\\router\\index.js:286:9","service":"fintech-backend","timestamp":"2025-10-15T16:33:04.809Z"}
{"level":"error","message":"Error: misconfigured csrf\n    at csrf (D:\\BMUDHT\\backend\\node_modules\\csurf\\index.js:71:19)\n    at Layer.handle [as handle_request] (D:\\BMUDHT\\backend\\node_modules\\express\\lib\\router\\layer.js:95:5)\n    at trim_prefix (D:\\BMUDHT\\backend\\node_modules\\express\\lib\\router\\index.js:328:13)\n    at D:\\BMUDHT\\backend\\node_modules\\express\\lib\\router\\index.js:286:9\n    at Function.process_params (D:\\BMUDHT\\backend\\node_modules\\express\\lib\\router\\index.js:346:12)\n    at next (D:\\BMUDHT\\backend\\node_modules\\express\\lib\\router\\index.js:280:10)\n    at urlencodedParser (D:\\BMUDHT\\backend\\node_modules\\body-parser\\lib\\types\\urlencoded.js:94:7)\n    at Layer.handle [as handle_request] (D:\\BMUDHT\\backend\\node_modules\\express\\lib\\router\\layer.js:95:5)\n    at trim_prefix (D:\\BMUDHT\\backend\\node_modules\\express\\lib\\router\\index.js:328:13)\n    at D:\\BMUDHT\\backend\\node_modules\\express\\lib\\router\\index.js:286:9","service":"fintech-backend","timestamp":"2025-10-15T16:33:05.183Z"}
{"level":"error","message":"Error: misconfigured csrf\n    at csrf (D:\\BMUDHT\\backend\\node_modules\\csurf\\index.js:71:19)\n    at Layer.handle [as handle_request] (D:\\BMUDHT\\backend\\node_modules\\express\\lib\\router\\layer.js:95:5)\n    at trim_prefix (D:\\BMUDHT\\backend\\node_modules\\express\\lib\\router\\index.js:328:13)\n    at D:\\BMUDHT\\backend\\node_modules\\express\\lib\\router\\index.js:286:9\n    at Function.process_params (D:\\BMUDHT\\backend\\node_modules\\express\\lib\\router\\index.js:346:12)\n    at next (D:\\BMUDHT\\backend\\node_modules\\express\\lib\\router\\index.js:280:10)\n    at urlencodedParser (D:\\BMUDHT\\backend\\node_modules\\body-parser\\lib\\types\\urlencoded.js:94:7)\n    at Layer.handle [as handle_request] (D:\\BMUDHT\\backend\\node_modules\\express\\lib\\router\\layer.js:95:5)\n    at trim_prefix (D:\\BMUDHT\\backend\\node_modules\\express\\lib\\router\\index.js:328:13)\n    at D:\\BMUDHT\\backend\\node_modules\\express\\lib\\router\\index.js:286:9","service":"fintech-backend","timestamp":"2025-10-15T16:35:19.834Z"}
{"level":"error","message":"Error: misconfigured csrf\n    at csrf (D:\\BMUDHT\\backend\\node_modules\\csurf\\index.js:71:19)\n    at Layer.handle [as handle_request] (D:\\BMUDHT\\backend\\node_modules\\express\\lib\\router\\layer.js:95:5)\n    at trim_prefix (D:\\BMUDHT\\backend\\node_modules\\express\\lib\\router\\index.js:328:13)\n    at D:\\BMUDHT\\backend\\node_modules\\express\\lib\\router\\index.js:286:9\n    at Function.process_params (D:\\BMUDHT\\backend\\node_modules\\express\\lib\\router\\index.js:346:12)\n    at next (D:\\BMUDHT\\backend\\node_modules\\express\\lib\\router\\index.js:280:10)\n    at urlencodedParser (D:\\BMUDHT\\backend\\node_modules\\body-parser\\lib\\types\\urlencoded.js:94:7)\n    at Layer.handle [as handle_request] (D:\\BMUDHT\\backend\\node_modules\\express\\lib\\router\\layer.js:95:5)\n    at trim_prefix (D:\\BMUDHT\\backend\\node_modules\\express\\lib\\router\\index.js:328:13)\n    at D:\\BMUDHT\\backend\\node_modules\\express\\lib\\router\\index.js:286:9","service":"fintech-backend","timestamp":"2025-10-15T16:37:21.147Z"}
{"level":"error","message":"Error: misconfigured csrf\n    at csrf (D:\\BMUDHT\\backend\\node_modules\\csurf\\index.js:71:19)\n    at Layer.handle [as handle_request] (D:\\BMUDHT\\backend\\node_modules\\express\\lib\\router\\layer.js:95:5)\n    at trim_prefix (D:\\BMUDHT\\backend\\node_modules\\express\\lib\\router\\index.js:328:13)\n    at D:\\BMUDHT\\backend\\node_modules\\express\\lib\\router\\index.js:286:9\n    at Function.process_params (D:\\BMUDHT\\backend\\node_modules\\express\\lib\\router\\index.js:346:12)\n    at next (D:\\BMUDHT\\backend\\node_modules\\express\\lib\\router\\index.js:280:10)\n    at urlencodedParser (D:\\BMUDHT\\backend\\node_modules\\body-parser\\lib\\types\\urlencoded.js:94:7)\n    at Layer.handle [as handle_request] (D:\\BMUDHT\\backend\\node_modules\\express\\lib\\router\\layer.js:95:5)\n    at trim_prefix (D:\\BMUDHT\\backend\\node_modules\\express\\lib\\router\\index.js:328:13)\n    at D:\\BMUDHT\\backend\\node_modules\\express\\lib\\router\\index.js:286:9","service":"fintech-backend","timestamp":"2025-10-15T16:37:21.453Z"}
{"level":"error","message":"Error: misconfigured csrf\n    at csrf (D:\\BMUDHT\\backend\\node_modules\\csurf\\index.js:71:19)\n    at Layer.handle [as handle_request] (D:\\BMUDHT\\backend\\node_modules\\express\\lib\\router\\layer.js:95:5)\n    at trim_prefix (D:\\BMUDHT\\backend\\node_modules\\express\\lib\\router\\index.js:328:13)\n    at D:\\BMUDHT\\backend\\node_modules\\express\\lib\\router\\index.js:286:9\n    at Function.process_params (D:\\BMUDHT\\backend\\node_modules\\express\\lib\\router\\index.js:346:12)\n    at next (D:\\BMUDHT\\backend\\node_modules\\express\\lib\\router\\index.js:280:10)\n    at urlencodedParser (D:\\BMUDHT\\backend\\node_modules\\body-parser\\lib\\types\\urlencoded.js:94:7)\n    at Layer.handle [as handle_request] (D:\\BMUDHT\\backend\\node_modules\\express\\lib\\router\\layer.js:95:5)\n    at trim_prefix (D:\\BMUDHT\\backend\\node_modules\\express\\lib\\router\\index.js:328:13)\n    at D:\\BMUDHT\\backend\\node_modules\\express\\lib\\router\\index.js:286:9","service":"fintech-backend","timestamp":"2025-10-15T16:37:21.989Z"}
{"level":"error","message":"Error: misconfigured csrf\n    at csrf (D:\\BMUDHT\\backend\\node_modules\\csurf\\index.js:71:19)\n    at Layer.handle [as handle_request] (D:\\BMUDHT\\backend\\node_modules\\express\\lib\\router\\layer.js:95:5)\n    at trim_prefix (D:\\BMUDHT\\backend\\node_modules\\express\\lib\\router\\index.js:328:13)\n    at D:\\BMUDHT\\backend\\node_modules\\express\\lib\\router\\index.js:286:9\n    at Function.process_params (D:\\BMUDHT\\backend\\node_modules\\express\\lib\\router\\index.js:346:12)\n    at next (D:\\BMUDHT\\backend\\node_modules\\express\\lib\\router\\index.js:280:10)\n    at urlencodedParser (D:\\BMUDHT\\backend\\node_modules\\body-parser\\lib\\types\\urlencoded.js:94:7)\n    at Layer.handle [as handle_request] (D:\\BMUDHT\\backend\\node_modules\\express\\lib\\router\\layer.js:95:5)\n    at trim_prefix (D:\\BMUDHT\\backend\\node_modules\\express\\lib\\router\\index.js:328:13)\n    at D:\\BMUDHT\\backend\\node_modules\\express\\lib\\router\\index.js:286:9","service":"fintech-backend","timestamp":"2025-10-15T16:37:22.309Z"}
{"level":"error","message":"Error: misconfigured csrf\n    at csrf (D:\\BMUDHT\\backend\\node_modules\\csurf\\index.js:71:19)\n    at Layer.handle [as handle_request] (D:\\BMUDHT\\backend\\node_modules\\express\\lib\\router\\layer.js:95:5)\n    at trim_prefix (D:\\BMUDHT\\backend\\node_modules\\express\\lib\\router\\index.js:328:13)\n    at D:\\BMUDHT\\backend\\node_modules\\express\\lib\\router\\index.js:286:9\n    at Function.process_params (D:\\BMUDHT\\backend\\node_modules\\express\\lib\\router\\index.js:346:12)\n    at next (D:\\BMUDHT\\backend\\node_modules\\express\\lib\\router\\index.js:280:10)\n    at urlencodedParser (D:\\BMUDHT\\backend\\node_modules\\body-parser\\lib\\types\\urlencoded.js:94:7)\n    at Layer.handle [as handle_request] (D:\\BMUDHT\\backend\\node_modules\\express\\lib\\router\\layer.js:95:5)\n    at trim_prefix (D:\\BMUDHT\\backend\\node_modules\\express\\lib\\router\\index.js:328:13)\n    at D:\\BMUDHT\\backend\\node_modules\\express\\lib\\router\\index.js:286:9","service":"fintech-backend","timestamp":"2025-10-15T16:37:23.941Z"}
{"level":"error","message":"Error: misconfigured csrf\n    at csrf (D:\\BMUDHT\\backend\\node_modules\\csurf\\index.js:71:19)\n    at Layer.handle [as handle_request] (D:\\BMUDHT\\backend\\node_modules\\express\\lib\\router\\layer.js:95:5)\n    at trim_prefix (D:\\BMUDHT\\backend\\node_modules\\express\\lib\\router\\index.js:328:13)\n    at D:\\BMUDHT\\backend\\node_modules\\express\\lib\\router\\index.js:286:9\n    at Function.process_params (D:\\BMUDHT\\backend\\node_modules\\express\\lib\\router\\index.js:346:12)\n    at next (D:\\BMUDHT\\backend\\node_modules\\express\\lib\\router\\index.js:280:10)\n    at urlencodedParser (D:\\BMUDHT\\backend\\node_modules\\body-parser\\lib\\types\\urlencoded.js:94:7)\n    at Layer.handle [as handle_request] (D:\\BMUDHT\\backend\\node_modules\\express\\lib\\router\\layer.js:95:5)\n    at trim_prefix (D:\\BMUDHT\\backend\\node_modules\\express\\lib\\router\\index.js:328:13)\n    at D:\\BMUDHT\\backend\\node_modules\\express\\lib\\router\\index.js:286:9","service":"fintech-backend","timestamp":"2025-10-15T16:37:24.253Z"}
{"level":"info","message":"Server running on port 3001","service":"fintech-backend","timestamp":"2025-10-15T16:39:08.864Z"}
{"level":"info","message":"Database connected","service":"fintech-backend","timestamp":"2025-10-15T16:39:08.870Z"}
{"level":"info","message":"Server running on port 3001","service":"fintech-backend","timestamp":"2025-10-15T16:55:09.743Z"}
{"level":"info","message":"Database connected","service":"fintech-backend","timestamp":"2025-10-15T16:55:09.748Z"}
{"level":"info","message":"Server running on port 3001","service":"fintech-backend","timestamp":"2025-10-15T17:02:21.385Z"}
{"level":"info","message":"Database connected","service":"fintech-backend","timestamp":"2025-10-15T17:02:21.389Z"}
{"level":"info","message":"Server running on port 3001","service":"fintech-backend","timestamp":"2025-10-15T17:04:49.794Z"}
{"level":"info","message":"Database connected","service":"fintech-backend","timestamp":"2025-10-15T17:04:49.800Z"}
{"level":"info","message":"Server running on port 3001","service":"fintech-backend","timestamp":"2025-10-15T17:07:49.741Z"}
{"level":"info","message":"Database connected","service":"fintech-backend","timestamp":"2025-10-15T17:07:49.747Z"}
{"level":"info","message":"Server running on port 3001","service":"fintech-backend","timestamp":"2025-10-15T17:16:21.427Z"}
{"level":"info","message":"Database connected","service":"fintech-backend","timestamp":"2025-10-15T17:16:21.433Z"}
{"level":"info","message":"Server running on port 3001","service":"fintech-backend","timestamp":"2025-10-15T17:17:44.686Z"}
{"level":"info","message":"Database connected","service":"fintech-backend","timestamp":"2025-10-15T17:17:44.692Z"}
{"level":"info","message":"Server running on port 3001","service":"fintech-backend","timestamp":"2025-10-15T17:25:20.273Z"}
{"level":"info","message":"Database connected","service":"fintech-backend","timestamp":"2025-10-15T17:25:20.280Z"}
{"level":"info","message":"Server running on port 3001","service":"fintech-backend","timestamp":"2025-10-15T17:31:58.404Z"}
{"level":"info","message":"Database connected","service":"fintech-backend","timestamp":"2025-10-15T17:31:58.410Z"}
{"level":"info","message":"Server running on port 3001","service":"fintech-backend","timestamp":"2025-10-15T17:35:43.358Z"}
{"level":"info","message":"Database connected","service":"fintech-backend","timestamp":"2025-10-15T17:35:43.364Z"}
{"level":"info","message":"Server running on port 3001","service":"fintech-backend","timestamp":"2025-10-15T18:11:57.925Z"}
{"level":"info","message":"Database connected","service":"fintech-backend","timestamp":"2025-10-15T18:11:57.931Z"}
{"level":"info","message":"Server running on port 3001","service":"fintech-backend","timestamp":"2025-10-15T18:14:24.702Z"}
{"level":"info","message":"Database connected","service":"fintech-backend","timestamp":"2025-10-15T18:14:24.708Z"}
{"level":"info","message":"Server running on port 3001","service":"fintech-backend","timestamp":"2025-10-16T00:55:53.020Z"}
{"level":"info","message":"Database connected","service":"fintech-backend","timestamp":"2025-10-16T00:55:53.028Z"}
{"level":"info","message":"Server running on port 3001","service":"fintech-backend","timestamp":"2025-10-16T01:23:27.067Z"}
{"level":"info","message":"Database connected","service":"fintech-backend","timestamp":"2025-10-16T01:23:27.072Z"}
{"level":"info","message":"Server running on port 3001","service":"fintech-backend","timestamp":"2025-10-16T01:24:41.651Z"}
{"level":"info","message":"Database connected","service":"fintech-backend","timestamp":"2025-10-16T01:24:41.663Z"}
{"level":"info","message":"Server running on port 3001","service":"fintech-backend","timestamp":"2025-10-16T01:27:05.803Z"}
{"level":"info","message":"Database connected","service":"fintech-backend","timestamp":"2025-10-16T01:27:05.811Z"}
{"level":"info","message":"Server running on port 3001","service":"fintech-backend","timestamp":"2025-10-16T01:42:32.754Z"}
{"level":"info","message":"Database connected","service":"fintech-backend","timestamp":"2025-10-16T01:42:32.765Z"}
{"level":"info","message":"Server running on port 3001","service":"fintech-backend","timestamp":"2025-10-16T09:13:08.035Z"}
{"level":"info","message":"Database connected","service":"fintech-backend","timestamp":"2025-10-16T09:13:08.046Z"}
{"level":"info","message":"Server running on port 3001","service":"fintech-backend","timestamp":"2025-10-17T19:48:46.843Z"}
{"level":"info","message":"Database connected","service":"fintech-backend","timestamp":"2025-10-17T19:48:46.851Z"}
{"level":"info","message":"Server running on port 3001","service":"fintech-backend","timestamp":"2025-10-17T20:45:46.153Z"}
{"level":"info","message":"Database connected","service":"fintech-backend","timestamp":"2025-10-17T20:45:46.160Z"}
{"level":"info","message":"Server running on port 3001","service":"fintech-backend","timestamp":"2025-10-17T21:55:18.043Z"}
{"level":"info","message":"Database connected","service":"fintech-backend","timestamp":"2025-10-17T21:55:18.048Z"}
{"level":"info","message":"Server running on port 3001","service":"fintech-backend","timestamp":"2025-10-18T04:40:19.646Z"}
{"level":"info","message":"Database connected","service":"fintech-backend","timestamp":"2025-10-18T04:40:19.654Z"}
{"level":"info","message":"Server running on port 3001","service":"fintech-backend","timestamp":"2025-10-18T06:26:12.619Z"}
{"level":"info","message":"Database connected","service":"fintech-backend","timestamp":"2025-10-18T06:26:12.624Z"}
{"level":"info","message":"Server running on port 3001","service":"fintech-backend","timestamp":"2025-10-18T06:29:41.700Z"}
{"level":"info","message":"Database connected","service":"fintech-backend","timestamp":"2025-10-18T06:29:41.706Z"}
{"level":"info","message":"Server running on port 3001","service":"fintech-backend","timestamp":"2025-10-18T06:34:15.989Z"}
{"level":"info","message":"Database connected","service":"fintech-backend","timestamp":"2025-10-18T06:34:15.995Z"}
{"level":"info","message":"Server running on port 3001","service":"fintech-backend","timestamp":"2025-10-18T06:44:19.999Z"}
{"level":"info","message":"Database connected","service":"fintech-backend","timestamp":"2025-10-18T06:44:20.005Z"}
{"level":"info","message":"Server running on port 3001","service":"fintech-backend","timestamp":"2025-10-18T06:49:36.743Z"}
{"level":"info","message":"Database connected","service":"fintech-backend","timestamp":"2025-10-18T06:49:36.749Z"}
{"level":"info","message":"Server running on port 3001","service":"fintech-backend","timestamp":"2025-10-18T06:51:57.492Z"}
{"level":"info","message":"Database connected","service":"fintech-backend","timestamp":"2025-10-18T06:51:57.497Z"}
{"level":"info","message":"Server running on port 3001","service":"fintech-backend","timestamp":"2025-10-18T07:29:03.534Z"}
{"level":"info","message":"Database connected","service":"fintech-backend","timestamp":"2025-10-18T07:29:03.540Z"}
{"level":"info","message":"Server running on port 3001","service":"fintech-backend","timestamp":"2025-10-18T07:34:48.426Z"}
{"level":"info","message":"Database connected","service":"fintech-backend","timestamp":"2025-10-18T07:34:48.432Z"}
{"level":"info","message":"Server running on port 3001","service":"fintech-backend","timestamp":"2025-10-18T07:38:45.127Z"}
{"level":"info","message":"Database connected","service":"fintech-backend","timestamp":"2025-10-18T07:38:45.133Z"}
{"level":"info","message":"Server running on port 3001","service":"fintech-backend","timestamp":"2025-10-18T07:43:40.704Z"}
{"level":"info","message":"Database connected","service":"fintech-backend","timestamp":"2025-10-18T07:43:40.711Z"}
{"level":"info","message":"Server running on port 3001","service":"fintech-backend","timestamp":"2025-10-19T05:29:55.051Z"}
{"level":"info","message":"Database connected","service":"fintech-backend","timestamp":"2025-10-19T05:29:55.058Z"}
{"level":"info","message":"Server running on port 3001","service":"fintech-backend","timestamp":"2025-10-19T07:03:08.508Z"}
{"level":"info","message":"Database connected","service":"fintech-backend","timestamp":"2025-10-19T07:03:08.515Z"}
{"level":"info","message":"Server running on port 3001","service":"fintech-backend","timestamp":"2025-10-19T07:25:21.429Z"}
{"level":"info","message":"Database connected","service":"fintech-backend","timestamp":"2025-10-19T07:25:21.435Z"}
{"level":"info","message":"Server running on port 3001","service":"fintech-backend","timestamp":"2025-10-19T08:38:18.510Z"}
{"level":"info","message":"Database connected","service":"fintech-backend","timestamp":"2025-10-19T08:38:18.517Z"}
{"level":"info","message":"Server running on port 3001","service":"fintech-backend","timestamp":"2025-10-19T08:39:02.175Z"}
{"level":"info","message":"Database connected","service":"fintech-backend","timestamp":"2025-10-19T08:39:02.181Z"}
{"level":"info","message":"Server running on port 3001","service":"fintech-backend","timestamp":"2025-10-19T09:09:17.922Z"}
{"level":"info","message":"Database connected","service":"fintech-backend","timestamp":"2025-10-19T09:09:17.928Z"}
{"level":"info","message":"Server running on port 3001","service":"fintech-backend","timestamp":"2025-10-19T09:10:10.807Z"}
{"level":"info","message":"Database connected","service":"fintech-backend","timestamp":"2025-10-19T09:10:10.813Z"}
{"level":"info","message":"Server running on port 3001","service":"fintech-backend","timestamp":"2025-10-19T09:20:28.294Z"}
{"level":"info","message":"Database connected","service":"fintech-backend","timestamp":"2025-10-19T09:20:28.300Z"}
{"level":"info","message":"Server running on port 3001","service":"fintech-backend","timestamp":"2025-10-19T09:21:10.941Z"}
{"level":"info","message":"Database connected","service":"fintech-backend","timestamp":"2025-10-19T09:21:10.946Z"}
{"level":"info","message":"Server running on port 3001","service":"fintech-backend","timestamp":"2025-10-20T00:59:18.377Z"}
{"level":"info","message":"Database connected","service":"fintech-backend","timestamp":"2025-10-20T00:59:18.390Z"}
{"level":"info","message":"Server running on port 3001","service":"fintech-backend","timestamp":"2025-10-21T18:22:49.769Z"}
{"level":"info","message":"Database connected","service":"fintech-backend","timestamp":"2025-10-21T18:22:49.776Z"}
{"level":"info","message":"Server running on port 3001","service":"fintech-backend","timestamp":"2025-10-21T18:53:25.910Z"}
{"level":"info","message":"Database connected","service":"fintech-backend","timestamp":"2025-10-21T18:53:25.916Z"}
{"level":"error","message":"SyntaxError: Expected property name or '}' in JSON at position 2 (line 1 column 3)\n    at JSON.parse (<anonymous>)\n    at parse (D:\\BMUDHT\\backend\\node_modules\\body-parser\\lib\\types\\json.js:92:19)\n    at D:\\BMUDHT\\backend\\node_modules\\body-parser\\lib\\read.js:128:18\n    at AsyncResource.runInAsyncScope (node:async_hooks:214:14)\n    at invokeCallback (D:\\BMUDHT\\backend\\node_modules\\raw-body\\index.js:238:16)\n    at done (D:\\BMUDHT\\backend\\node_modules\\raw-body\\index.js:227:7)\n    at IncomingMessage.onEnd (D:\\BMUDHT\\backend\\node_modules\\raw-body\\index.js:287:7)\n    at IncomingMessage.emit (node:events:518:28)\n    at endReadableNT (node:internal/streams/readable:1698:12)\n    at process.processTicksAndRejections (node:internal/process/task_queues:90:21)","service":"fintech-backend","timestamp":"2025-10-21T19:01:41.982Z"}
{"level":"info","message":"Server running on port 3001","service":"fintech-backend","timestamp":"2025-10-21T19:41:28.000Z"}
{"level":"info","message":"Database connected","service":"fintech-backend","timestamp":"2025-10-21T19:41:28.006Z"}
{"level":"info","message":"Database synced","service":"fintech-backend","timestamp":"2025-10-21T19:41:28.022Z"}
{"level":"info","message":"Server running on port 3001","service":"fintech-backend","timestamp":"2025-10-21T20:04:34.104Z"}
{"level":"info","message":"Database connected","service":"fintech-backend","timestamp":"2025-10-21T20:04:34.110Z"}
{"level":"info","message":"Database synced","service":"fintech-backend","timestamp":"2025-10-21T20:04:34.116Z"}
{"level":"info","message":"Server running on port 3001","service":"fintech-backend","timestamp":"2025-10-21T20:11:11.167Z"}
{"level":"info","message":"Database connected","service":"fintech-backend","timestamp":"2025-10-21T20:11:11.173Z"}
{"level":"info","message":"Database synced","service":"fintech-backend","timestamp":"2025-10-21T20:11:11.180Z"}
{"level":"info","message":"Server running on port 3001","service":"fintech-backend","timestamp":"2025-10-21T20:44:26.628Z"}
{"level":"info","message":"Database connected","service":"fintech-backend","timestamp":"2025-10-21T20:44:26.642Z"}
{"level":"info","message":"Database synced","service":"fintech-backend","timestamp":"2025-10-21T20:44:26.654Z"}
{"level":"info","message":"Server running on port 3001","service":"fintech-backend","timestamp":"2025-10-22T07:07:18.115Z"}
{"level":"info","message":"Database connected","service":"fintech-backend","timestamp":"2025-10-22T07:07:18.125Z"}
{"level":"info","message":"Database synced","service":"fintech-backend","timestamp":"2025-10-22T07:07:18.134Z"}
{"level":"info","message":"Server running on port 3001","service":"fintech-backend","timestamp":"2025-10-22T07:47:47.822Z"}
{"level":"info","message":"Database connected","service":"fintech-backend","timestamp":"2025-10-22T07:47:47.828Z"}
{"level":"info","message":"Database synced","service":"fintech-backend","timestamp":"2025-10-22T07:47:47.841Z"}
{"level":"info","message":"Server running on port 3001","service":"fintech-backend","timestamp":"2025-10-22T07:50:44.838Z"}
{"level":"info","message":"Database connected","service":"fintech-backend","timestamp":"2025-10-22T07:50:44.846Z"}
{"level":"info","message":"Database synced","service":"fintech-backend","timestamp":"2025-10-22T07:50:44.854Z"}
{"level":"info","message":"Server running on port 3001","service":"fintech-backend","timestamp":"2025-10-22T09:18:44.987Z"}
{"level":"info","message":"Database connected","service":"fintech-backend","timestamp":"2025-10-22T09:18:44.994Z"}
{"level":"info","message":"Database synced","service":"fintech-backend","timestamp":"2025-10-22T09:18:45.004Z"}
{"level":"info","message":"Server running on port 3001","service":"fintech-backend","timestamp":"2025-10-22T09:44:00.135Z"}
{"level":"info","message":"Database connected","service":"fintech-backend","timestamp":"2025-10-22T09:44:00.147Z"}
{"level":"info","message":"Database synced","service":"fintech-backend","timestamp":"2025-10-22T09:44:00.159Z"}
{"level":"info","message":"Server running on port 3001","service":"fintech-backend","timestamp":"2025-10-22T10:02:11.722Z"}
{"level":"info","message":"Database connected","service":"fintech-backend","timestamp":"2025-10-22T10:02:11.729Z"}
{"level":"info","message":"Database synced","service":"fintech-backend","timestamp":"2025-10-22T10:02:11.735Z"}
{"level":"info","message":"Server running on port 3001","service":"fintech-backend","timestamp":"2025-10-22T10:11:49.345Z"}
{"level":"info","message":"Database connected","service":"fintech-backend","timestamp":"2025-10-22T10:11:49.352Z"}
{"level":"info","message":"Database synced","service":"fintech-backend","timestamp":"2025-10-22T10:11:49.359Z"}
{"level":"info","message":"Server running on port 3001","service":"fintech-backend","timestamp":"2025-10-22T13:23:35.642Z"}
{"level":"info","message":"Database connected","service":"fintech-backend","timestamp":"2025-10-22T13:23:35.650Z"}
{"level":"info","message":"Database synced","service":"fintech-backend","timestamp":"2025-10-22T13:23:35.656Z"}
{"level":"info","message":"Server running on port 3001","service":"fintech-backend","timestamp":"2025-10-22T13:35:25.203Z"}
{"level":"info","message":"Database connected","service":"fintech-backend","timestamp":"2025-10-22T13:35:25.212Z"}
{"level":"info","message":"Database synced","service":"fintech-backend","timestamp":"2025-10-22T13:35:25.219Z"}
{"level":"info","message":"Server running on port 3001","service":"fintech-backend","timestamp":"2025-10-22T13:40:41.480Z"}
{"level":"info","message":"Database connected","service":"fintech-backend","timestamp":"2025-10-22T13:40:41.488Z"}
{"level":"info","message":"Database synced","service":"fintech-backend","timestamp":"2025-10-22T13:40:41.495Z"}
{"level":"info","message":"Server running on port 3001","service":"fintech-backend","timestamp":"2025-10-22T13:49:53.470Z"}
{"level":"info","message":"Database connected","service":"fintech-backend","timestamp":"2025-10-22T13:49:53.478Z"}
{"level":"info","message":"Database synced","service":"fintech-backend","timestamp":"2025-10-22T13:49:53.485Z"}
{"level":"info","message":"Server running on port 3001","service":"fintech-backend","timestamp":"2025-10-22T14:06:00.932Z"}
{"level":"info","message":"Database connected","service":"fintech-backend","timestamp":"2025-10-22T14:06:00.940Z"}
{"level":"info","message":"Database synced","service":"fintech-backend","timestamp":"2025-10-22T14:06:00.947Z"}
{"level":"info","message":"Server running on port 3001","service":"fintech-backend","timestamp":"2025-10-22T14:37:00.922Z"}
{"level":"info","message":"Database connected","service":"fintech-backend","timestamp":"2025-10-22T14:37:00.930Z"}
{"level":"info","message":"Database synced","service":"fintech-backend","timestamp":"2025-10-22T14:37:00.938Z"}
{"level":"info","message":"Server running on port 3001","service":"fintech-backend","timestamp":"2025-10-22T14:54:13.674Z"}
{"level":"info","message":"Database connected","service":"fintech-backend","timestamp":"2025-10-22T14:54:13.682Z"}
{"level":"info","message":"Database synced","service":"fintech-backend","timestamp":"2025-10-22T14:54:13.690Z"}
{"level":"info","message":"Server running on port 3001","service":"fintech-backend","timestamp":"2025-10-22T16:02:52.208Z"}
{"level":"info","message":"Database connected","service":"fintech-backend","timestamp":"2025-10-22T16:02:52.214Z"}
{"level":"info","message":"Database synced","service":"fintech-backend","timestamp":"2025-10-22T16:02:52.223Z"}
{"level":"info","message":"Server running on port 3001","service":"fintech-backend","timestamp":"2025-10-22T16:04:45.460Z"}
{"level":"info","message":"Database connected","service":"fintech-backend","timestamp":"2025-10-22T16:04:45.468Z"}
{"level":"info","message":"Database synced","service":"fintech-backend","timestamp":"2025-10-22T16:04:45.473Z"}
